0 info it worked if it ends with ok
1 verbose cli [ '/usr/bin/node', '/usr/bin/npm', 'login' ]
2 info using npm@3.5.2
3 info using node@v8.10.0
4 verbose adduser before first PUT { _id: 'org.couchdb.user:cohort-66',
4 verbose adduser   name: 'cohort-66',
4 verbose adduser   password: 'XXXXX',
4 verbose adduser   email: 'cohort-66@ya.ru',
4 verbose adduser   type: 'user',
4 verbose adduser   roles: [],
4 verbose adduser   date: '2023-05-17T20:25:03.837Z' }
5 verbose request uri https://npm.prakticum-team.ru/-/user/org.couchdb.user:cohort-66
6 verbose request new user, so can't send auth
7 info attempt registry request try #1 at 11:25:03 PM
8 verbose request id 0f9d0844d0bcd733
9 http request PUT https://npm.prakticum-team.ru/-/user/org.couchdb.user:cohort-66
10 http 409 https://npm.prakticum-team.ru/-/user/org.couchdb.user:cohort-66
11 verbose headers { date: 'Wed, 17 May 2023 20:25:09 GMT',
11 verbose headers   'content-type': 'application/json; charset=utf-8',
11 verbose headers   'content-length': '44',
11 verbose headers   connection: 'keep-alive',
11 verbose headers   'x-powered-by': 'hidden',
11 verbose headers   'access-control-allow-origin': '*',
11 verbose headers   'x-ratelimit-limit': '1000',
11 verbose headers   'x-ratelimit-remaining': '999',
11 verbose headers   'x-ratelimit-reset': '1684355951',
11 verbose headers   etag: 'W/"2c-iIj1jKBtWpVCbISX0utTUcyWz50"',
11 verbose headers   vary: 'Accept-Encoding',
11 verbose headers   'cf-cache-status': 'DYNAMIC',
11 verbose headers   'report-to': '{"endpoints":[{"url":"https:\\/\\/a.nel.cloudflare.com\\/report\\/v3?s=jT%2F4cvtPye2AZmzCfSj1uLELglchIXZQxa%2BdIadba2OmAvEEevjqr2D5HNPgLEnn8r9pdjAqCLVa5GgEFe1mwCq%2Bdw%2Bz76maKbxzgWSZNPV4PS%2FuCWNYFq1c%2FKENUN4VNTb5DfUl8Yc%3D"}],"group":"cf-nel","max_age":604800}',
11 verbose headers   nel: '{"success_fraction":0,"report_to":"cf-nel","max_age":604800}',
11 verbose headers   server: 'cloudflare',
11 verbose headers   'cf-ray': '7c8e9688e98f360f-FRA',
11 verbose headers   'alt-svc': 'h3=":443"; ma=86400, h3-29=":443"; ma=86400' }
12 verbose request invalidating /home/veronika/.npm/npm.prakticum-team.ru/-/user/org.couchdb.user_3Acohort-66 on PUT
13 verbose adduser update existing user
14 verbose request uri https://npm.prakticum-team.ru/-/user/org.couchdb.user:cohort-66?write=true
15 verbose request no auth needed
16 info attempt registry request try #1 at 11:25:04 PM
17 http request GET https://npm.prakticum-team.ru/-/user/org.couchdb.user:cohort-66?write=true
18 http 200 https://npm.prakticum-team.ru/-/user/org.couchdb.user:cohort-66?write=true
19 verbose headers { date: 'Wed, 17 May 2023 20:25:09 GMT',
19 verbose headers   'content-type': 'application/json; charset=utf-8',
19 verbose headers   'transfer-encoding': 'chunked',
19 verbose headers   connection: 'keep-alive',
19 verbose headers   'x-powered-by': 'hidden',
19 verbose headers   'access-control-allow-origin': '*',
19 verbose headers   'x-ratelimit-limit': '1000',
19 verbose headers   'x-ratelimit-remaining': '999',
19 verbose headers   'x-ratelimit-reset': '1684355951',
19 verbose headers   etag: 'W/"9bc0d4158c3e2ac5822d39f55e5ceb05"',
19 verbose headers   vary: 'Accept-Encoding',
19 verbose headers   'cf-cache-status': 'DYNAMIC',
19 verbose headers   'report-to': '{"endpoints":[{"url":"https:\\/\\/a.nel.cloudflare.com\\/report\\/v3?s=5%2BnrHNEgpf9rnqHtxoia9HfBZMm1nUyq%2BBS7cei2QchBz6MRVZqyY5MckCah%2FnxHpJ%2Bqab7EnoVR1F8EauJWKPJ%2FmW0vMtxMEyhMRCfpQoJILPuNl8tlbsO5Nugx1S8pD8nZ%2BjTPevs%3D"}],"group":"cf-nel","max_age":604800}',
19 verbose headers   nel: '{"success_fraction":0,"report_to":"cf-nel","max_age":604800}',
19 verbose headers   server: 'cloudflare',
19 verbose headers   'cf-ray': '7c8e9689ead1360f-FRA',
19 verbose headers   'content-encoding': 'gzip',
19 verbose headers   'alt-svc': 'h3=":443"; ma=86400, h3-29=":443"; ma=86400' }
20 verbose adduser userobj { _id: 'org.couchdb.user:cohort-66',
20 verbose adduser   name: 'cohort-66',
20 verbose adduser   password: 'XXXXX',
20 verbose adduser   email: 'cohort-66@ya.ru',
20 verbose adduser   type: 'user',
20 verbose adduser   roles: [],
20 verbose adduser   date: '2023-05-17T20:25:03.837Z' }
21 verbose request uri https://npm.prakticum-team.ru/-/user/org.couchdb.user:cohort-66/-rev/undefined
22 verbose request updating existing user; sending authorization
23 info attempt registry request try #1 at 11:25:04 PM
24 http request PUT https://npm.prakticum-team.ru/-/user/org.couchdb.user:cohort-66/-rev/undefined
25 http 409 https://npm.prakticum-team.ru/-/user/org.couchdb.user:cohort-66/-rev/undefined
26 verbose headers { date: 'Wed, 17 May 2023 20:25:09 GMT',
26 verbose headers   'content-type': 'application/json; charset=utf-8',
26 verbose headers   'content-length': '44',
26 verbose headers   connection: 'keep-alive',
26 verbose headers   'x-powered-by': 'hidden',
26 verbose headers   'access-control-allow-origin': '*',
26 verbose headers   'x-ratelimit-limit': '1000',
26 verbose headers   'x-ratelimit-remaining': '998',
26 verbose headers   'x-ratelimit-reset': '1684355951',
26 verbose headers   etag: 'W/"2c-iIj1jKBtWpVCbISX0utTUcyWz50"',
26 verbose headers   vary: 'Accept-Encoding',
26 verbose headers   'cf-cache-status': 'DYNAMIC',
26 verbose headers   'report-to': '{"endpoints":[{"url":"https:\\/\\/a.nel.cloudflare.com\\/report\\/v3?s=xe8y1JffYTaClQCH67bK8B9Q0aLc3tH7h8aQ4coYpLT4%2FJhrMc6smkWcvTJjqPEB1Q6bfxUtJtgdeTZ7KQQ3loI2t4OiHPQ5r%2BkB%2FzxepiTEG%2BBjyoto12NEnY07GloDXwg5eHtuNq4%3D"}],"group":"cf-nel","max_age":604800}',
26 verbose headers   nel: '{"success_fraction":0,"report_to":"cf-nel","max_age":604800}',
26 verbose headers   server: 'cloudflare',
26 verbose headers   'cf-ray': '7c8e968adc1c360f-FRA',
26 verbose headers   'alt-svc': 'h3=":443"; ma=86400, h3-29=":443"; ma=86400' }
27 verbose request invalidating /home/veronika/.npm/npm.prakticum-team.ru/-/user/org.couchdb.user_3Acohort-66 on PUT
28 verbose adduser back [ { Error: user registration disabled : -/user/org.couchdb.user:cohort-66/-rev/undefined
28 verbose adduser     at makeError (/usr/share/npm/node_modules/npm-registry-client/lib/request.js:264:12)
28 verbose adduser     at CachingRegistryClient.<anonymous> (/usr/share/npm/node_modules/npm-registry-client/lib/request.js:252:14)
28 verbose adduser     at Request._callback (/usr/share/npm/node_modules/npm-registry-client/lib/request.js:172:14)
28 verbose adduser     at Request.self.callback (/usr/share/npm/node_modules/request/request.js:198:22)
28 verbose adduser     at emitTwo (events.js:126:13)
28 verbose adduser     at Request.emit (events.js:214:7)
28 verbose adduser     at Request.<anonymous> (/usr/share/npm/node_modules/request/request.js:1082:10)
28 verbose adduser     at emitOne (events.js:121:20)
28 verbose adduser     at Request.emit (events.js:211:7)
28 verbose adduser     at IncomingMessage.<anonymous> (/usr/share/npm/node_modules/request/request.js:1009:12) statusCode: 409, code: 'E409' },
28 verbose adduser   { error: 'user registration disabled',
28 verbose adduser     _etag: 'W/"2c-iIj1jKBtWpVCbISX0utTUcyWz50"' },
28 verbose adduser   '{"error":"user registration disabled"}' ]
29 verbose stack Error: user registration disabled : -/user/org.couchdb.user:cohort-66/-rev/undefined
29 verbose stack     at makeError (/usr/share/npm/node_modules/npm-registry-client/lib/request.js:264:12)
29 verbose stack     at CachingRegistryClient.<anonymous> (/usr/share/npm/node_modules/npm-registry-client/lib/request.js:252:14)
29 verbose stack     at Request._callback (/usr/share/npm/node_modules/npm-registry-client/lib/request.js:172:14)
29 verbose stack     at Request.self.callback (/usr/share/npm/node_modules/request/request.js:198:22)
29 verbose stack     at emitTwo (events.js:126:13)
29 verbose stack     at Request.emit (events.js:214:7)
29 verbose stack     at Request.<anonymous> (/usr/share/npm/node_modules/request/request.js:1082:10)
29 verbose stack     at emitOne (events.js:121:20)
29 verbose stack     at Request.emit (events.js:211:7)
29 verbose stack     at IncomingMessage.<anonymous> (/usr/share/npm/node_modules/request/request.js:1009:12)
30 verbose statusCode 409
31 verbose cwd /home/veronika/dev/mesto1/mesto
32 error Linux 4.19.128-microsoft-standard
33 error argv "/usr/bin/node" "/usr/bin/npm" "login"
34 error node v8.10.0
35 error npm  v3.5.2
36 error code E409
37 error user registration disabled : -/user/org.couchdb.user:cohort-66/-rev/undefined
38 error If you need help, you may report this error at:
38 error     <https://github.com/npm/npm/issues>
39 verbose exit [ 1, true ]
